<?xml version="1.0" encoding="UTF-8"?>
<robot generator="Robot 4.0.1 (Python 3.7.9 on win32)" generated="20210526 19:56:33.570" rpa="false" schemaversion="2">
<suite id="s1" name="UI test" source="C:\workspace\demo\robotframework\robotframework-demo\UI_test.robot">
<test id="s1-t1" name="Open Amazon &amp; Careers">
<kw name="Open Browser To Amazon">
<kw name="Log To Console" library="BuiltIn">
<arg>\n testing 1 2 and 3 \n</arg>
<doc>Logs the given message to the console.</doc>
<status status="PASS" starttime="20210526 19:56:34.082" endtime="20210526 19:56:34.083"/>
</kw>
<kw name="chrome_browser">
<kw name="Open Browser" library="Selenium2Library">
<arg>${URL}</arg>
<arg>${BROWSER}</arg>
<doc>Opens a new browser instance to the optional ``url``.</doc>
<msg timestamp="20210526 19:56:34.083" level="INFO">Opening browser 'chrome' to base url 'https://www.amazon.com'.</msg>
<status status="PASS" starttime="20210526 19:56:34.083" endtime="20210526 19:56:45.685"/>
</kw>
<kw name="Maximize Browser Window" library="Selenium2Library">
<doc>Maximizes current browser window.</doc>
<status status="PASS" starttime="20210526 19:56:45.685" endtime="20210526 19:56:45.829"/>
</kw>
<status status="PASS" starttime="20210526 19:56:34.083" endtime="20210526 19:56:45.829"/>
</kw>
<kw name="Capture Page Screenshot" library="Selenium2Library">
<doc>Takes a screenshot of the current page and embeds it into a log file.</doc>
<msg timestamp="20210526 19:56:47.938" level="INFO" html="true">&lt;/td&gt;&lt;/tr&gt;&lt;tr&gt;&lt;td colspan="3"&gt;&lt;a href="selenium-screenshot-1.png"&gt;&lt;img src="selenium-screenshot-1.png" width="800px"&gt;&lt;/a&gt;</msg>
<status status="PASS" starttime="20210526 19:56:45.829" endtime="20210526 19:56:47.938"/>
</kw>
<status status="PASS" starttime="20210526 19:56:34.082" endtime="20210526 19:56:47.938"/>
</kw>
<status status="PASS" starttime="20210526 19:56:34.082" endtime="20210526 19:56:47.939"/>
</test>
<test id="s1-t2" name="The title is now">
<kw name="Log Title" library="Selenium2Library">
<doc>Logs and returns the title of the current page.</doc>
<msg timestamp="20210526 19:56:47.949" level="INFO">Amazon.com: Online Shopping for Electronics, Apparel, Computers, Books, DVDs &amp; more</msg>
<status status="PASS" starttime="20210526 19:56:47.941" endtime="20210526 19:56:47.949"/>
</kw>
<status status="PASS" starttime="20210526 19:56:47.940" endtime="20210526 19:56:47.950"/>
</test>
<test id="s1-t3" name="Inspect that you on the right page">
<kw name="Amazon Page Should Be Open">
<kw name="Title Should Be" library="Selenium2Library">
<arg>Amazon.com: Online Shopping for Electronics, Apparel, Computers, Books, DVDs &amp; more</arg>
<doc>Verifies that the current page title equals ``title``.</doc>
<msg timestamp="20210526 19:56:47.959" level="INFO">Page title is 'Amazon.com: Online Shopping for Electronics, Apparel, Computers, Books, DVDs &amp; more'.</msg>
<status status="PASS" starttime="20210526 19:56:47.952" endtime="20210526 19:56:47.959"/>
</kw>
<kw name="Capture Page Screenshot" library="Selenium2Library">
<doc>Takes a screenshot of the current page and embeds it into a log file.</doc>
<msg timestamp="20210526 19:56:48.530" level="INFO" html="true">&lt;/td&gt;&lt;/tr&gt;&lt;tr&gt;&lt;td colspan="3"&gt;&lt;a href="selenium-screenshot-2.png"&gt;&lt;img src="selenium-screenshot-2.png" width="800px"&gt;&lt;/a&gt;</msg>
<status status="PASS" starttime="20210526 19:56:47.960" endtime="20210526 19:56:48.530"/>
</kw>
<status status="PASS" starttime="20210526 19:56:47.951" endtime="20210526 19:56:48.530"/>
</kw>
<status status="PASS" starttime="20210526 19:56:47.951" endtime="20210526 19:56:48.531"/>
</test>
<test id="s1-t4" name="Check the careers page">
<kw name="Go To" library="Selenium2Library">
<arg>https://www.amazon.jobs/</arg>
<doc>Navigates the current browser window to the provided ``url``.</doc>
<msg timestamp="20210526 19:56:48.533" level="INFO">Opening url 'https://www.amazon.jobs/'</msg>
<status status="PASS" starttime="20210526 19:56:48.533" endtime="20210526 19:57:03.106"/>
</kw>
<kw name="Location Should Be" library="Selenium2Library">
<arg>https://www.amazon.jobs/en/</arg>
<doc>Verifies that the current URL is exactly ``url``.</doc>
<msg timestamp="20210526 19:57:03.113" level="INFO">Current location is 'https://www.amazon.jobs/en/'.</msg>
<status status="PASS" starttime="20210526 19:57:03.106" endtime="20210526 19:57:03.113"/>
</kw>
<status status="PASS" starttime="20210526 19:56:48.532" endtime="20210526 19:57:03.113"/>
</test>
<test id="s1-t5" name="End Test">
<kw name="Close Browser" library="Selenium2Library">
<doc>Closes the current browser.</doc>
<status status="PASS" starttime="20210526 19:57:03.115" endtime="20210526 19:57:05.456"/>
</kw>
<status status="PASS" starttime="20210526 19:57:03.115" endtime="20210526 19:57:05.457"/>
</test>
<status status="PASS" starttime="20210526 19:56:33.574" endtime="20210526 19:57:05.458"/>
</suite>
<statistics>
<total>
<stat pass="5" fail="0" skip="0">All Tests</stat>
</total>
<tag>
</tag>
<suite>
<stat pass="5" fail="0" skip="0" id="s1" name="UI test">UI test</stat>
</suite>
</statistics>
<errors>
</errors>
</robot>
